16-01-2025 10:41-debug: Start record console... {file(/Users/macm1/Codes/Dragon/temp/builder/log/web-mobile16-01-2025 10-41.log)}
16-01-2025 10:41-debug: cocos-service:(onBeforeBuild) start...0%
16-01-2025 10:41-debug: // ---- cocos-service:(onBeforeBuild) ----
16-01-2025 10:41-debug: Process: heapTotal 199.05MB heapUsed 184.95MB rss 104.27MB
16-01-2025 10:41-debug: =================================== Build Task (web-mobile-003) Start ================================
16-01-2025 10:41-debug: Start build task, options:{"name":"Dancer","platform":"web-mobile","buildPath":"project://build","debug":false,"md5Cache":false,"sourceMaps":false,"replaceSplashScreen":false,"mainBundleCompressionType":"merge_dep","mainBundleIsRemote":false,"mergeStartScene":false,"experimentalEraseModules":false,"compressTexture":true,"packAutoAtlas":true,"startScene":"fb41b0e2-4e95-4611-b0b1-b49142cb353c","scenes":[{"url":"db://assets/scene.scene","uuid":"fb41b0e2-4e95-4611-b0b1-b49142cb353c","inBundle":false}],"outputName":"web-mobile-003","packages":{"web-mobile":{"orientation":"auto","polyfills":{"asyncFunctions":true}},"cocos-service":{}}}
16-01-2025 10:41-debug: Build with Cocos Creator 3.3.2
16-01-2025 10:41-debug: // ---- cocos-service:(onBeforeBuild) success ----
16-01-2025 10:41-debug: cocos-service:(onBeforeBuild)3%
16-01-2025 10:41-debug: Query all assets info in project
16-01-2025 10:41-debug: BuildAssetLibrary query-assets with assets 219
16-01-2025 10:41-debug:   Number of all scripts: 0
16-01-2025 10:41-debug:   Number of other assets: 666
16-01-2025 10:41-debug: // ---- web-mobile:(onAfterInit) ----
16-01-2025 10:41-debug: Process: heapTotal 199.34MB heapUsed 185.83MB rss 107.38MB
16-01-2025 10:41-debug: // ---- web-mobile:(onAfterInit) success ----
16-01-2025 10:41-debug: web-mobile:(onAfterInit)5%
16-01-2025 10:41-debug: Reload project scripts start5%
16-01-2025 10:41-log: // ---- Reload project scripts ----
16-01-2025 10:41-debug: Process: heapTotal 199.34MB heapUsed 185.85MB rss 107.78MB
16-01-2025 10:41-debug: reload all scripts.
16-01-2025 10:41-debug:   Number of all scenes: 1
16-01-2025 10:41-debug: web-mobile:(onAfterInit) start...3%
16-01-2025 10:41-debug: BuildAssetLibrary initialized with asset 471!
16-01-2025 10:41-debug: [[Executor]] Module "pack:///mods/cce/internal/x/cc.js" loaded.
16-01-2025 10:41-debug: [[Executor]] Module "pack:///mods/cce/internal/x/prerequisite-imports.js" loaded.
16-01-2025 10:41-debug: Reload project scripts √6%
16-01-2025 10:41-debug: Query asset bundle start6%
16-01-2025 10:41-log: // ---- Query asset bundle ----
16-01-2025 10:41-debug: Invalidating 'pack:///mods/cce/internal/x/cc.js'
16-01-2025 10:41-debug: Process: heapTotal 199.34MB heapUsed 185.66MB rss 113.52MB
16-01-2025 10:41-debug: [[Executor]] Module "pack:///mods/cce/internal/x/prerequisite-imports.js" loaded.
16-01-2025 10:41-debug: Invalidating 'pack:///mods/cce/internal/x/prerequisite-imports.js'
16-01-2025 10:41-debug: Query asset bundle √8%
16-01-2025 10:41-debug: Number of scenes: 1
16-01-2025 10:41-log: // ---- Query and organize assets ----
16-01-2025 10:41-debug: Process: heapTotal 199.34MB heapUsed 185.70MB rss 113.59MB
16-01-2025 10:41-debug: Query and organize assets start8%
16-01-2025 10:41-debug: Number of assets: 12
16-01-2025 10:41-debug: Number of asset bundle: 1
16-01-2025 10:41-debug: Query and organize assets √9%
16-01-2025 10:41-debug: Organize scripts start9%
16-01-2025 10:41-log: // ---- Organize scripts ----
16-01-2025 10:41-debug: Process: heapTotal 199.59MB heapUsed 186.62MB rss 124.70MB
16-01-2025 10:41-debug: sort script group...
16-01-2025 10:41-debug: Organize scripts √10%
16-01-2025 10:41-log: // ---- Organize texture compression tasks ----
16-01-2025 10:41-debug: Process: heapTotal 199.59MB heapUsed 186.63MB rss 124.75MB
16-01-2025 10:41-debug: Number of image-compress task: 0
16-01-2025 10:41-debug: Organize texture compression tasks √11%
16-01-2025 10:41-debug: Group json start11%
16-01-2025 10:41-log: // ---- Group json ----
16-01-2025 10:41-debug: Process: heapTotal 199.59MB heapUsed 186.65MB rss 124.83MB
16-01-2025 10:41-debug: Number of json group: 1
16-01-2025 10:41-debug: Group json √12%
16-01-2025 10:41-debug: Merging Texture2D json start12%
16-01-2025 10:41-log: // ---- Merging Texture2D json ----
16-01-2025 10:41-debug: Process: heapTotal 199.59MB heapUsed 186.67MB rss 125.36MB
16-01-2025 10:41-debug: Merging Texture2D json √14%
16-01-2025 10:41-debug:  start14%
16-01-2025 10:41-log: // ----  ----
16-01-2025 10:41-debug: Process: heapTotal 199.59MB heapUsed 186.68MB rss 125.44MB
16-01-2025 10:41-debug:  √15%
16-01-2025 10:41-debug: web-mobile:(onBeforeBuildAssets) start...15%
16-01-2025 10:41-debug: // ---- web-mobile:(onBeforeBuildAssets) ----
16-01-2025 10:41-debug: Process: heapTotal 199.59MB heapUsed 186.69MB rss 125.47MB
16-01-2025 10:41-debug: // ---- web-mobile:(onBeforeBuildAssets) success ----
16-01-2025 10:41-debug: web-mobile:(onBeforeBuildAssets)18%
16-01-2025 10:41-debug:  start18%
16-01-2025 10:41-log: // ----  ----
16-01-2025 10:41-debug: Process: heapTotal 199.59MB heapUsed 186.70MB rss 125.55MB
16-01-2025 10:41-debug: Organize texture compression tasks start10%
16-01-2025 10:41-debug: Build script18%
16-01-2025 10:41-debug: Process: heapTotal 209.80MB heapUsed 187.20MB rss 244.44MB
16-01-2025 10:41-debug: Copy externalScripts success!
16-01-2025 10:41-debug: Build script√18%
16-01-2025 10:41-debug: Build engine18%
16-01-2025 10:41-debug: Process: heapTotal 209.80MB heapUsed 189.31MB rss 229.66MB
16-01-2025 10:41-debug: Use cache engine: {link(/var/folders/pk/9vqqk16x7gvbm7nfnr4649vh0000gn/T/CocosCreator/3.3.2/builder/engine/ed3ef2e1d2940491066bfa80791aa5c7)}
16-01-2025 10:41-debug: {"debug":false,"sourceMaps":false,"includeModules":["base","gfx-webgl","gfx-webgl2","3d","2d","ui","particle","physics-ammo","physics-2d-box2d","intersection-2d","primitive","profiler","particle-2d","audio","video","webview","tween","terrain","tiled-map","spine","dragon-bones"],"engineVersion":"3.3.2","platform":"HTML5","md5Map":[],"engineName":"cocos-js","useCache":true,"split":false,"ammoJsWasm":"fallback","assetURLFormat":"runtime-resolved","entry":"/Applications/Cocos/Creator/3.3.2/CocosCreator.app/Contents/Resources/resources/3d/engine"}
16-01-2025 10:41-debug: Build engine√18%
16-01-2025 10:41-log: // ---- Build auto-atlas ----
16-01-2025 10:41-debug: Build auto-atlas √31%
16-01-2025 10:41-debug: Compress Image start31%
16-01-2025 10:41-log: // ---- Compress Image ----
16-01-2025 10:41-debug: Process: heapTotal 209.80MB heapUsed 185.68MB rss 239.36MB
16-01-2025 10:41-debug: Copy the resource start37%
16-01-2025 10:41-debug: Compress Image √37%
16-01-2025 10:41-log: // ---- Copy the resource ----
16-01-2025 10:41-debug: Process: heapTotal 209.80MB heapUsed 185.69MB rss 239.36MB
16-01-2025 10:41-debug:  √24%
16-01-2025 10:41-debug: Build auto-atlas start24%
16-01-2025 10:41-debug: Process: heapTotal 209.80MB heapUsed 185.65MB rss 239.14MB
16-01-2025 10:41-debug: Asset Bundle(main) handle assets: 12
16-01-2025 10:41-debug: Build the grouped json and scatter files to the specified location start44%
16-01-2025 10:41-log: // ---- Build the grouped json and scatter files to the specified location ----
16-01-2025 10:41-debug: Process: heapTotal 209.80MB heapUsed 185.82MB rss 239.47MB
16-01-2025 10:41-debug: Copy the resource √44%
16-01-2025 10:41-debug: Json group(build-task/json) compile success，json number: 6
16-01-2025 10:41-debug: Build the grouped json and scatter files to the specified location √51%
16-01-2025 10:41-debug: Compress zip bundle start51%
16-01-2025 10:41-debug: Add md5 suffix to assets start57%
16-01-2025 10:41-log: // ---- Add md5 suffix to assets ----
16-01-2025 10:41-debug: Process: heapTotal 211.42MB heapUsed 191.58MB rss 243.20MB
16-01-2025 10:41-debug: Add md5 suffix to assets √68%
16-01-2025 10:41-debug: Init settings and config start68%
16-01-2025 10:41-log: // ---- Init settings and config ----
16-01-2025 10:41-debug: Process: heapTotal 211.42MB heapUsed 191.59MB rss 243.20MB
16-01-2025 10:41-debug: Init settings and config √68%
16-01-2025 10:41-debug: tasks.settings.macro does not defined in i18n
16-01-2025 10:41-debug: tasks.settings.macro start68%
16-01-2025 10:41-log: // ---- tasks.settings.macro ----
16-01-2025 10:41-debug: Process: heapTotal 211.42MB heapUsed 191.60MB rss 243.20MB
16-01-2025 10:41-log: // ---- Compress zip bundle ----
16-01-2025 10:41-debug: Compress zip bundle √57%
16-01-2025 10:41-debug: Process: heapTotal 211.42MB heapUsed 191.57MB rss 243.13MB
16-01-2025 10:41-debug: tasks.settings.macro √69%
16-01-2025 10:41-debug: Use cached settings start69%
16-01-2025 10:41-log: // ---- Use cached settings ----
16-01-2025 10:41-debug: Process: heapTotal 211.42MB heapUsed 191.68MB rss 243.20MB
16-01-2025 10:41-debug: Use cached settings √69%
16-01-2025 10:41-debug: custom joint texture layouts start69%
16-01-2025 10:41-log: // ---- custom joint texture layouts ----
16-01-2025 10:41-debug: Process: heapTotal 211.42MB heapUsed 191.74MB rss 243.25MB
16-01-2025 10:41-debug: custom joint texture layouts √70%
16-01-2025 10:41-debug: Process: heapTotal 210.55MB heapUsed 185.25MB rss 243.78MB
16-01-2025 10:41-debug: Fill script data to settings start70%
16-01-2025 10:41-log: // ---- Fill script data to settings ----
16-01-2025 10:41-debug: Process: heapTotal 210.55MB heapUsed 185.26MB rss 243.80MB
16-01-2025 10:41-debug: Fill script data to settings √71%
16-01-2025 10:41-debug: Fill scene data to settings start71%
16-01-2025 10:41-log: // ---- Fill scene data to settings ----
16-01-2025 10:41-debug: Process: heapTotal 210.55MB heapUsed 185.27MB rss 243.80MB
16-01-2025 10:41-debug: Fill scene data to settings √71%
16-01-2025 10:41-debug: Organize assets groups，generate packedAssets and rawAssets data start71%
16-01-2025 10:41-log: // ---- Organize assets groups，generate packedAssets and rawAssets data ----
16-01-2025 10:41-debug: Process: heapTotal 210.55MB heapUsed 185.28MB rss 243.80MB
16-01-2025 10:41-debug: Organize assets groups，generate packedAssets and rawAssets data √72%
16-01-2025 10:41-debug: Generate md5AssetsMap from suffixMap to settings start72%
16-01-2025 10:41-log: // ---- Generate md5AssetsMap from suffixMap to settings ----
16-01-2025 10:41-debug: Process: heapTotal 210.55MB heapUsed 185.29MB rss 243.81MB
16-01-2025 10:41-debug: options.md5Cache is false.
16-01-2025 10:41-debug: Generate md5AssetsMap from suffixMap to settings √72%
16-01-2025 10:41-debug: web-mobile:(onBeforeCompressSettings) start...72%
16-01-2025 10:41-debug: // ---- web-mobile:(onBeforeCompressSettings) ----
16-01-2025 10:41-debug: Process: heapTotal 210.55MB heapUsed 185.31MB rss 243.81MB
16-01-2025 10:41-debug: // ---- web-mobile:(onBeforeCompressSettings) success ----
16-01-2025 10:41-debug: web-mobile:(onBeforeCompressSettings)75%
16-01-2025 10:41-debug: cocos-service:(onBeforeCompressSettings) start...75%
16-01-2025 10:41-debug: // ---- cocos-service:(onBeforeCompressSettings) ----
16-01-2025 10:41-debug: Process: heapTotal 210.55MB heapUsed 185.32MB rss 243.81MB
16-01-2025 10:41-debug: custom joint physics √70%
16-01-2025 10:41-debug: custom joint physics start70%
16-01-2025 10:41-log: // ---- custom joint physics ----
16-01-2025 10:41-debug: // ---- cocos-service:(onBeforeCompressSettings) success ----
16-01-2025 10:41-debug: cocos-service:(onBeforeCompressSettings)77%
16-01-2025 10:41-debug:  start77%
16-01-2025 10:41-log: // ----  ----
16-01-2025 10:41-debug: Process: heapTotal 210.55MB heapUsed 185.44MB rss 243.84MB
16-01-2025 10:41-debug:  √78%
16-01-2025 10:41-debug: Compress settings.json and config.json √79%
16-01-2025 10:41-debug: Save config.json start79%
16-01-2025 10:41-log: // ---- Save config.json ----
16-01-2025 10:41-debug: Process: heapTotal 210.55MB heapUsed 185.48MB rss 243.86MB
16-01-2025 10:41-debug: Save config.json √80%
16-01-2025 10:41-debug: Save Settings.json start80%
16-01-2025 10:41-log: // ---- Save Settings.json ----
16-01-2025 10:41-debug: Process: heapTotal 210.55MB heapUsed 185.50MB rss 243.86MB
16-01-2025 10:41-debug: Save Settings.json √81%
16-01-2025 10:41-debug: Sort build template start81%
16-01-2025 10:41-log: // ---- Sort build template ----
16-01-2025 10:41-debug: Process: heapTotal 210.55MB heapUsed 185.60MB rss 243.88MB
16-01-2025 10:41-debug: Process: heapTotal 210.55MB heapUsed 185.46MB rss 243.86MB
16-01-2025 10:41-debug: cocos-service:(onAfterCompressSettings) start...82%
16-01-2025 10:41-debug: // ---- cocos-service:(onAfterCompressSettings) ----
16-01-2025 10:41-debug: Process: heapTotal 210.55MB heapUsed 189.62MB rss 244.31MB
16-01-2025 10:41-debug: Compress settings.json and config.json start78%
16-01-2025 10:41-log: // ---- Compress settings.json and config.json ----
16-01-2025 10:41-debug: Sort build template √82%
16-01-2025 10:41-debug: // ---- cocos-service:(onAfterCompressSettings) success ----
16-01-2025 10:41-debug: cocos-service:(onAfterCompressSettings)85%
16-01-2025 10:41-debug: // ---- web-mobile:(onAfterBuild) success ----
16-01-2025 10:41-debug: web-mobile:(onAfterBuild)87%
16-01-2025 10:41-debug: cocos-service:(onAfterBuild) start...87%
16-01-2025 10:41-debug: // ---- cocos-service:(onAfterBuild) ----
16-01-2025 10:41-debug: Process: heapTotal 210.55MB heapUsed 192.08MB rss 244.61MB
16-01-2025 10:41-debug: web-mobile:(onAfterBuild) start...85%
16-01-2025 10:41-debug: // ---- web-mobile:(onAfterBuild) ----
16-01-2025 10:41-debug: Process: heapTotal 210.55MB heapUsed 189.93MB rss 244.31MB
16-01-2025 10:41-debug: // ---- cocos-service:(onAfterBuild) success ----
16-01-2025 10:41-debug: cocos-service:(onAfterBuild)90%
16-01-2025 10:41-debug: build success in 3050 ms!
16-01-2025 10:41-debug: Stop record console. {file(/Users/macm1/Codes/Dragon/temp/builder/log/web-mobile16-01-2025 10-41.log)}
