16-01-2025 10:09-debug: Start record console... {file(/Users/macm1/Codes/Dragon/temp/builder/log/web-mobile16-01-2025 10-09.log)}
16-01-2025 10:09-debug: cocos-service:(onBeforeBuild) start...0%
16-01-2025 10:09-debug: // ---- cocos-service:(onBeforeBuild) ----
16-01-2025 10:09-debug: Process: heapTotal 190.77MB heapUsed 170.79MB rss 325.77MB
16-01-2025 10:09-debug: =================================== Build Task (web-mobile-001) Start ================================
16-01-2025 10:09-debug: Start build task, options:{"name":"Dancer","platform":"web-mobile","buildPath":"project://build","debug":false,"md5Cache":false,"sourceMaps":false,"replaceSplashScreen":false,"mainBundleCompressionType":"merge_dep","mainBundleIsRemote":false,"mergeStartScene":false,"experimentalEraseModules":false,"compressTexture":true,"packAutoAtlas":true,"startScene":"fb41b0e2-4e95-4611-b0b1-b49142cb353c","scenes":[{"url":"db://assets/scene.scene","uuid":"fb41b0e2-4e95-4611-b0b1-b49142cb353c","inBundle":false}],"outputName":"web-mobile-001","packages":{"web-mobile":{"orientation":"auto","polyfills":{"asyncFunctions":true}},"cocos-service":{}}}
16-01-2025 10:09-debug: Build with Cocos Creator 3.3.2
16-01-2025 10:09-debug: // ---- cocos-service:(onBeforeBuild) success ----
16-01-2025 10:09-debug: Query all assets info in project
16-01-2025 10:09-debug: cocos-service:(onBeforeBuild)3%
16-01-2025 10:09-debug: BuildAssetLibrary query-assets with assets 219
16-01-2025 10:09-debug:   Number of other assets: 666
16-01-2025 10:09-debug: web-mobile:(onAfterInit) start...3%
16-01-2025 10:09-debug: // ---- web-mobile:(onAfterInit) ----
16-01-2025 10:09-debug: Process: heapTotal 191.06MB heapUsed 172.00MB rss 325.83MB
16-01-2025 10:09-debug: // ---- web-mobile:(onAfterInit) success ----
16-01-2025 10:09-debug: web-mobile:(onAfterInit)5%
16-01-2025 10:09-debug: Reload project scripts start5%
16-01-2025 10:09-log: // ---- Reload project scripts ----
16-01-2025 10:09-debug: Process: heapTotal 191.06MB heapUsed 172.02MB rss 325.86MB
16-01-2025 10:09-debug: reload all scripts.
16-01-2025 10:09-debug:   Number of all scripts: 0
16-01-2025 10:09-debug:   Number of all scenes: 1
16-01-2025 10:09-debug: BuildAssetLibrary initialized with asset 471!
16-01-2025 10:09-debug: [[Executor]] Module "cce:/internal/x/cc-fu/base" loaded.
16-01-2025 10:09-debug: [[Executor]] Module "cce:/internal/x/cc-fu/2d" loaded.
16-01-2025 10:09-debug: [[Executor]] Module "cce:/internal/x/cc-fu/ui" loaded.
16-01-2025 10:09-debug: [[Executor]] Module "cce:/internal/x/cc-fu/particle" loaded.
16-01-2025 10:09-debug: [[Executor]] Module "cce:/internal/x/cc-fu/particle-2d" loaded.
16-01-2025 10:09-debug: [[Executor]] Module "cce:/internal/x/cc-fu/physics-framework" loaded.
16-01-2025 10:09-debug: [[Executor]] Module "cce:/internal/x/cc-fu/physics-2d-framework" loaded.
16-01-2025 10:09-debug: [[Executor]] Module "cce:/internal/x/cc-fu/intersection-2d" loaded.
16-01-2025 10:09-debug: [[Executor]] Module "cce:/internal/x/cc-fu/primitive" loaded.
16-01-2025 10:09-debug: [[Executor]] Module "cce:/internal/x/cc-fu/profiler" loaded.
16-01-2025 10:09-debug: [[Executor]] Module "cce:/internal/x/cc-fu/audio" loaded.
16-01-2025 10:09-debug: [[Executor]] Module "cce:/internal/x/cc-fu/video" loaded.
16-01-2025 10:09-debug: [[Executor]] Module "cce:/internal/x/cc-fu/terrain" loaded.
16-01-2025 10:09-debug: [[Executor]] Module "cce:/internal/x/cc-fu/webview" loaded.
16-01-2025 10:09-debug: [[Executor]] Module "cce:/internal/x/cc-fu/tween" loaded.
16-01-2025 10:09-debug: [[Executor]] Module "cce:/internal/x/cc-fu/gfx-webgl2" loaded.
16-01-2025 10:09-debug: [[Executor]] Module "cce:/internal/x/cc-fu/spine" loaded.
16-01-2025 10:09-debug: [[Executor]] Module "cce:/internal/x/cc-fu/dragon-bones" loaded.
16-01-2025 10:09-debug: [[Executor]] Module "pack:///mods/cce/internal/x/cc.js" loaded.
16-01-2025 10:09-debug: Invalidating 'pack:///mods/cce/internal/x/cc.js'
16-01-2025 10:09-debug: [[Executor]] Module "pack:///mods/cce/internal/x/prerequisite-imports.js" loaded.
16-01-2025 10:09-debug: [[Executor]] Module "pack:///mods/cce/internal/x/prerequisite-imports.js" loaded.
16-01-2025 10:09-debug: Reload project scripts √6%
16-01-2025 10:09-debug: Query asset bundle start6%
16-01-2025 10:09-log: // ---- Query asset bundle ----
16-01-2025 10:09-debug: Process: heapTotal 191.06MB heapUsed 172.92MB rss 326.11MB
16-01-2025 10:09-debug: [[Executor]] Module "cce:/internal/x/cc-fu/tiled-map" loaded.
16-01-2025 10:09-debug: [[Executor]] Module "cce:/internal/x/cc-fu/3d" loaded.
16-01-2025 10:09-debug: [[Executor]] Module "cce:/internal/x/cc-fu/gfx-webgl" loaded.
16-01-2025 10:09-debug: Query asset bundle √8%
16-01-2025 10:09-debug: Process: heapTotal 191.06MB heapUsed 172.96MB rss 326.11MB
16-01-2025 10:09-debug: Number of scenes: 1
16-01-2025 10:09-debug: Query and organize assets start8%
16-01-2025 10:09-log: // ---- Query and organize assets ----
16-01-2025 10:09-debug: Number of assets: 12
16-01-2025 10:09-debug: Organize scripts start9%
16-01-2025 10:09-debug: Query and organize assets √9%
16-01-2025 10:09-debug: sort script group...
16-01-2025 10:09-debug: Organize scripts √10%
16-01-2025 10:09-debug: Organize texture compression tasks start10%
16-01-2025 10:09-log: // ---- Organize scripts ----
16-01-2025 10:09-debug: Process: heapTotal 192.27MB heapUsed 170.39MB rss 326.28MB
16-01-2025 10:09-debug: Number of image-compress task: 0
16-01-2025 10:09-debug: Organize texture compression tasks √11%
16-01-2025 10:09-debug: Number of asset bundle: 1
16-01-2025 10:09-debug: Process: heapTotal 192.27MB heapUsed 170.37MB rss 326.27MB
16-01-2025 10:09-debug: Process: heapTotal 192.27MB heapUsed 170.40MB rss 326.28MB
16-01-2025 10:09-log: // ---- Organize texture compression tasks ----
16-01-2025 10:09-debug: Group json √12%
16-01-2025 10:09-debug: Merging Texture2D json start12%
16-01-2025 10:09-log: // ---- Merging Texture2D json ----
16-01-2025 10:09-debug: Group json start11%
16-01-2025 10:09-debug: Merging Texture2D json √14%
16-01-2025 10:09-debug:  start14%
16-01-2025 10:09-log: // ----  ----
16-01-2025 10:09-debug: Process: heapTotal 192.27MB heapUsed 170.44MB rss 326.97MB
16-01-2025 10:09-debug:  √15%
16-01-2025 10:09-debug: web-mobile:(onBeforeBuildAssets) start...15%
16-01-2025 10:09-debug: Process: heapTotal 192.27MB heapUsed 170.42MB rss 326.31MB
16-01-2025 10:09-debug: Process: heapTotal 192.27MB heapUsed 170.45MB rss 326.97MB
16-01-2025 10:09-debug: // ---- web-mobile:(onBeforeBuildAssets) success ----
16-01-2025 10:09-debug: web-mobile:(onBeforeBuildAssets)18%
16-01-2025 10:09-debug:  start18%
16-01-2025 10:09-log: // ----  ----
16-01-2025 10:09-debug: Process: heapTotal 192.27MB heapUsed 170.46MB rss 326.97MB
16-01-2025 10:09-debug: Number of json group: 1
16-01-2025 10:09-debug: // ---- web-mobile:(onBeforeBuildAssets) ----
16-01-2025 10:09-log: // ---- Group json ----
16-01-2025 10:09-warn: Browserslist: caniuse-lite is outdated. Please run:npx browserslist@latest --update-db
16-01-2025 10:09-warn: Browserslist: caniuse-lite is outdated. Please run:npx browserslist@latest --update-dbWhy you should do it regularly:https://github.com/browserslist/browserslist#browsers-data-updating
16-01-2025 10:09-debug: Build script18%
16-01-2025 10:09-debug: Process: heapTotal 214.45MB heapUsed 197.04MB rss 348.36MB
16-01-2025 10:09-debug: Copy externalScripts success!
16-01-2025 10:09-debug: Build script√18%
16-01-2025 10:09-debug: Build engine18%
16-01-2025 10:09-debug: Process: heapTotal 215.05MB heapUsed 192.50MB rss 349.38MB
16-01-2025 10:09-debug: Use cache engine: {link(/var/folders/pk/9vqqk16x7gvbm7nfnr4649vh0000gn/T/CocosCreator/3.3.2/builder/engine/ed3ef2e1d2940491066bfa80791aa5c7)}
16-01-2025 10:09-debug: {"debug":false,"sourceMaps":false,"includeModules":["base","gfx-webgl","gfx-webgl2","3d","2d","ui","particle","physics-ammo","physics-2d-box2d","intersection-2d","primitive","profiler","particle-2d","audio","video","webview","tween","terrain","tiled-map","spine","dragon-bones"],"engineVersion":"3.3.2","platform":"HTML5","md5Map":[],"engineName":"cocos-js","useCache":true,"split":false,"ammoJsWasm":"fallback","assetURLFormat":"runtime-resolved","entry":"/Applications/Cocos/Creator/3.3.2/CocosCreator.app/Contents/Resources/resources/3d/engine"}
16-01-2025 10:09-debug: Build engine√18%
16-01-2025 10:09-debug:  √24%
16-01-2025 10:09-debug: Build auto-atlas √31%
16-01-2025 10:09-debug: Compress Image start31%
16-01-2025 10:09-log: // ---- Compress Image ----
16-01-2025 10:09-debug: Process: heapTotal 215.30MB heapUsed 194.60MB rss 349.59MB
16-01-2025 10:09-debug: Compress Image √37%
16-01-2025 10:09-log: // ---- Copy the resource ----
16-01-2025 10:09-debug: Copy the resource start37%
16-01-2025 10:09-debug: Process: heapTotal 215.30MB heapUsed 194.61MB rss 349.59MB
16-01-2025 10:09-debug: Process: heapTotal 215.30MB heapUsed 194.57MB rss 349.58MB
16-01-2025 10:09-log: // ---- Build auto-atlas ----
16-01-2025 10:09-debug: Build auto-atlas start24%
16-01-2025 10:09-debug: Asset Bundle(main) handle assets: 12
16-01-2025 10:09-debug: Process: heapTotal 215.30MB heapUsed 194.72MB rss 349.61MB
16-01-2025 10:09-debug: Copy the resource √44%
16-01-2025 10:09-debug: Build the grouped json and scatter files to the specified location start44%
16-01-2025 10:09-log: // ---- Build the grouped json and scatter files to the specified location ----
16-01-2025 10:09-debug: Json group(build-task/json) compile success，json number: 6
16-01-2025 10:09-debug: Build the grouped json and scatter files to the specified location √51%
16-01-2025 10:09-log: // ---- Compress zip bundle ----
16-01-2025 10:09-debug: Process: heapTotal 216.30MB heapUsed 195.24MB rss 350.63MB
16-01-2025 10:09-debug: Compress zip bundle start51%
16-01-2025 10:09-debug: Compress zip bundle √57%
16-01-2025 10:09-debug: Add md5 suffix to assets start57%
16-01-2025 10:09-log: // ---- Add md5 suffix to assets ----
16-01-2025 10:09-debug: Process: heapTotal 216.30MB heapUsed 195.25MB rss 350.63MB
16-01-2025 10:09-debug: Process: heapTotal 216.30MB heapUsed 195.26MB rss 350.63MB
16-01-2025 10:09-debug: Init settings and config √68%
16-01-2025 10:09-debug: tasks.settings.macro does not defined in i18n
16-01-2025 10:09-debug: tasks.settings.macro start68%
16-01-2025 10:09-log: // ---- tasks.settings.macro ----
16-01-2025 10:09-debug: Process: heapTotal 216.30MB heapUsed 195.27MB rss 350.64MB
16-01-2025 10:09-log: // ---- Init settings and config ----
16-01-2025 10:09-debug: Add md5 suffix to assets √68%
16-01-2025 10:09-debug: Init settings and config start68%
16-01-2025 10:09-debug: tasks.settings.macro √69%
16-01-2025 10:09-debug: Use cached settings start69%
16-01-2025 10:09-log: // ---- Use cached settings ----
16-01-2025 10:09-debug: Process: heapTotal 216.30MB heapUsed 195.33MB rss 350.64MB
16-01-2025 10:09-debug: Use cached settings √69%
16-01-2025 10:09-debug: custom joint texture layouts start69%
16-01-2025 10:09-log: // ---- custom joint texture layouts ----
16-01-2025 10:09-debug: Process: heapTotal 216.30MB heapUsed 195.39MB rss 350.64MB
16-01-2025 10:09-debug: custom joint texture layouts √70%
16-01-2025 10:09-debug: custom joint physics √70%
16-01-2025 10:09-debug: Fill script data to settings start70%
16-01-2025 10:09-log: // ---- Fill script data to settings ----
16-01-2025 10:09-debug: Process: heapTotal 216.30MB heapUsed 195.42MB rss 350.64MB
16-01-2025 10:09-debug: Fill script data to settings √71%
16-01-2025 10:09-debug: Fill scene data to settings start71%
16-01-2025 10:09-log: // ---- Fill scene data to settings ----
16-01-2025 10:09-debug: Process: heapTotal 216.30MB heapUsed 195.44MB rss 350.64MB
16-01-2025 10:09-debug: Organize assets groups，generate packedAssets and rawAssets data start71%
16-01-2025 10:09-log: // ---- Organize assets groups，generate packedAssets and rawAssets data ----
16-01-2025 10:09-debug: Process: heapTotal 216.30MB heapUsed 195.45MB rss 350.64MB
16-01-2025 10:09-debug: Fill scene data to settings √71%
16-01-2025 10:09-debug: Organize assets groups，generate packedAssets and rawAssets data √72%
16-01-2025 10:09-debug: Generate md5AssetsMap from suffixMap to settings start72%
16-01-2025 10:09-log: // ---- Generate md5AssetsMap from suffixMap to settings ----
16-01-2025 10:09-debug: Process: heapTotal 216.30MB heapUsed 195.46MB rss 350.64MB
16-01-2025 10:09-debug: Generate md5AssetsMap from suffixMap to settings √72%
16-01-2025 10:09-debug: options.md5Cache is false.
16-01-2025 10:09-debug: web-mobile:(onBeforeCompressSettings) start...72%
16-01-2025 10:09-debug: // ---- web-mobile:(onBeforeCompressSettings) ----
16-01-2025 10:09-debug: Process: heapTotal 216.30MB heapUsed 195.47MB rss 350.66MB
16-01-2025 10:09-debug: // ---- web-mobile:(onBeforeCompressSettings) success ----
16-01-2025 10:09-debug: custom joint physics start70%
16-01-2025 10:09-debug: cocos-service:(onBeforeCompressSettings) start...75%
16-01-2025 10:09-debug: // ---- cocos-service:(onBeforeCompressSettings) ----
16-01-2025 10:09-debug: Process: heapTotal 216.30MB heapUsed 195.49MB rss 350.67MB
16-01-2025 10:09-debug: web-mobile:(onBeforeCompressSettings)75%
16-01-2025 10:09-debug: Process: heapTotal 216.30MB heapUsed 195.41MB rss 350.64MB
16-01-2025 10:09-log: // ---- custom joint physics ----
16-01-2025 10:09-debug: // ---- cocos-service:(onBeforeCompressSettings) success ----
16-01-2025 10:09-debug: cocos-service:(onBeforeCompressSettings)77%
16-01-2025 10:09-debug:  start77%
16-01-2025 10:09-log: // ----  ----
16-01-2025 10:09-debug: Process: heapTotal 216.30MB heapUsed 195.58MB rss 350.67MB
16-01-2025 10:09-debug:  √78%
16-01-2025 10:09-debug: Compress settings.json and config.json start78%
16-01-2025 10:09-log: // ---- Compress settings.json and config.json ----
16-01-2025 10:09-debug: Process: heapTotal 216.30MB heapUsed 195.61MB rss 350.67MB
16-01-2025 10:09-debug: Compress settings.json and config.json √79%
16-01-2025 10:09-debug: Save config.json start79%
16-01-2025 10:09-log: // ---- Save config.json ----
16-01-2025 10:09-debug: Process: heapTotal 216.30MB heapUsed 195.63MB rss 350.67MB
16-01-2025 10:09-debug: Save Settings.json start80%
16-01-2025 10:09-debug: Save config.json √80%
16-01-2025 10:09-log: // ---- Save Settings.json ----
16-01-2025 10:09-debug: Process: heapTotal 216.30MB heapUsed 195.65MB rss 350.67MB
16-01-2025 10:09-debug: Save Settings.json √81%
16-01-2025 10:09-debug: Sort build template start81%
16-01-2025 10:09-log: // ---- Sort build template ----
16-01-2025 10:09-debug: Process: heapTotal 216.30MB heapUsed 195.75MB rss 350.69MB
16-01-2025 10:09-debug: Sort build template √82%
16-01-2025 10:09-debug: cocos-service:(onAfterCompressSettings) start...82%
16-01-2025 10:09-debug: // ---- cocos-service:(onAfterCompressSettings) ----
16-01-2025 10:09-debug: Process: heapTotal 216.55MB heapUsed 201.20MB rss 350.94MB
16-01-2025 10:09-debug: // ---- cocos-service:(onAfterCompressSettings) success ----
16-01-2025 10:09-debug: // ---- web-mobile:(onAfterBuild) ----
16-01-2025 10:09-debug: cocos-service:(onAfterCompressSettings)85%
16-01-2025 10:09-debug: cocos-service:(onAfterBuild) start...87%
16-01-2025 10:09-debug: web-mobile:(onAfterBuild)87%
16-01-2025 10:09-debug: // ---- cocos-service:(onAfterBuild) ----
16-01-2025 10:09-debug: Process: heapTotal 217.80MB heapUsed 195.34MB rss 351.97MB
16-01-2025 10:09-debug: Process: heapTotal 217.80MB heapUsed 197.73MB rss 352.14MB
16-01-2025 10:09-debug: // ---- web-mobile:(onAfterBuild) success ----
16-01-2025 10:09-debug: web-mobile:(onAfterBuild) start...85%
16-01-2025 10:09-debug: // ---- cocos-service:(onAfterBuild) success ----
16-01-2025 10:09-debug: cocos-service:(onAfterBuild)90%
16-01-2025 10:09-debug: build success in 4362 ms!
16-01-2025 10:09-debug: Stop record console. {file(/Users/macm1/Codes/Dragon/temp/builder/log/web-mobile16-01-2025 10-09.log)}
